init_exec: pathtoexecute failed for 'ECHO'
init_exec: pathtoexecute failed for 'ECHO'
init_exec: pathtoexecute failed for 'EcHo'
init_exec: pathtoexecute failed for 'ECHO'
init_exec: pathtoexecute failed for '>>'
init_exec: pathtoexecute failed for 'asd'
init_exec: pathtoexecute failed for 'echo '
init_exec: pathtoexecute failed for 'echo -nnnnn'
init_exec: pathtoexecute failed for 'ECho'
init_exec: pathtoexecute failed for 'ECHO'
init_exec: pathtoexecute failed for 'ECHO'
init_exec: pathtoexecute failed for 'why'
init_exec: pathtoexecute failed for 'not'
init_exec: pathtoexecute failed for 'root'
init_exec: pathtoexecute failed for 'lol'
init_exec: pathtoexecute failed for 'why'
init_exec: pathtoexecute failed for 'not'
init_exec: pathtoexecute failed for 'root'
init_exec: pathtoexecute failed for 'because'
init_exec: pathtoexecute failed for 'we'
init_exec: pathtoexecute failed for 'love'
init_exec: pathtoexecute failed for 'OM'
init_exec: pathtoexecute failed for 'ECHO'
init_exec: pathtoexecute failed for 'PWD'
init_exec: pathtoexecute failed for 'PWD'
init_exec: pathtoexecute failed for 'ECHO'
init_exec: pathtoexecute failed for 'ECHO'
init_exec: pathtoexecute failed for 'ECHO'
init_exec: pathtoexecute failed for 'ECHO'
init_exec: pathtoexecute failed for '-n'
init_exec: pathtoexecute failed for '-n'
init_exec: pathtoexecute failed for '-nn'
init_exec: pathtoexecute failed for '-nn'
init_exec: pathtoexecute failed for 'c'
init_exec: pathtoexecute failed for 'C'
init_exec: pathtoexecute failed for 'C'
init_exec: pathtoexecute failed for 'l'
init_exec: pathtoexecute failed for 'l'
init_exec: pathtoexecute failed for '-a'
init_exec: pathtoexecute failed for 'LS'
init_exec: pathtoexecute failed for 'Ls'
init_exec: pathtoexecute failed for 'lS'
init_exec: pathtoexecute failed for 'PWD'
init_exec: pathtoexecute failed for 'pWD'
init_exec: pathtoexecute failed for 'pwD'
init_exec: pathtoexecute failed for 'ENV'
init_exec: pathtoexecute failed for 'CAT'
init_exec: pathtoexecute failed for 'EXPORT'
init_exec: pathtoexecute failed for 'Echo'
init_exec: pathtoexecute failed for 'EXIT'
init_exec: pathtoexecute failed for 'Exit'
init_exec: pathtoexecute failed for 'UNSET'
init_exec: pathtoexecute failed for 'Unset'
init_exec: pathtoexecute failed for 'EXPORT'
init_exec: pathtoexecute failed for 'Export'
init_exec: pathtoexecute failed for 'e'
init_exec: pathtoexecute failed for 'e'
init_exec: pathtoexecute failed for 'OLDPWD'
init_exec: pathtoexecute failed for 'USER'
init_exec: pathtoexecute failed for ' ls'
init_exec: pathtoexecute failed for ' cat'
init_exec: pathtoexecute failed for ' echo'
init_exec: pathtoexecute failed for ' PWD'
init_exec: pathtoexecute failed for ' pwd'
init_exec: pathtoexecute failed for 'PWD '
init_exec: pathtoexecute failed for 'pwd '
init_exec: pathtoexecute failed for 'pwd '
init_exec: pathtoexecute failed for 'p'
